<?xml version="1.0" encoding="UTF-8"?>
<testsuite xmlns:xsi="http://www.w3.org/2001/XMLSchema-instance" xsi:noNamespaceSchemaLocation="https://maven.apache.org/surefire/maven-surefire-plugin/xsd/surefire-test-report-3.0.xsd" version="3.0" name="LearnMaven.MavenSecondTest" time="0.612" tests="1" errors="0" skipped="0" failures="0">
  <properties>
    <property name="sun.desktop" value="windows"/>
    <property name="awt.toolkit" value="sun.awt.windows.WToolkit"/>
    <property name="java.specification.version" value="10"/>
    <property name="file.encoding.pkg" value="sun.io"/>
    <property name="sun.cpu.isalist" value="amd64"/>
    <property name="sun.jnu.encoding" value="Cp1252"/>
    <property name="java.class.path" value="E:\New Folder (2)\MavenJavaProject\target\test-classes;E:\New Folder (2)\MavenJavaProject\target\classes;C:\Users\Vikash\.m2\repository\org\seleniumhq\selenium\selenium-java\4.0.0-beta-4\selenium-java-4.0.0-beta-4.jar;C:\Users\Vikash\.m2\repository\org\seleniumhq\selenium\selenium-api\4.0.0-beta-4\selenium-api-4.0.0-beta-4.jar;C:\Users\Vikash\.m2\repository\org\seleniumhq\selenium\selenium-chrome-driver\4.0.0-beta-4\selenium-chrome-driver-4.0.0-beta-4.jar;C:\Users\Vikash\.m2\repository\com\google\auto\service\auto-service-annotations\1.0\auto-service-annotations-1.0.jar;C:\Users\Vikash\.m2\repository\com\google\auto\service\auto-service\1.0\auto-service-1.0.jar;C:\Users\Vikash\.m2\repository\com\google\auto\auto-common\1.0\auto-common-1.0.jar;C:\Users\Vikash\.m2\repository\com\google\guava\guava\30.1.1-jre\guava-30.1.1-jre.jar;C:\Users\Vikash\.m2\repository\com\google\guava\failureaccess\1.0.1\failureaccess-1.0.1.jar;C:\Users\Vikash\.m2\repository\com\google\guava\listenablefuture\9999.0-empty-to-avoid-conflict-with-guava\listenablefuture-9999.0-empty-to-avoid-conflict-with-guava.jar;C:\Users\Vikash\.m2\repository\com\google\code\findbugs\jsr305\3.0.2\jsr305-3.0.2.jar;C:\Users\Vikash\.m2\repository\org\checkerframework\checker-qual\3.8.0\checker-qual-3.8.0.jar;C:\Users\Vikash\.m2\repository\com\google\errorprone\error_prone_annotations\2.5.1\error_prone_annotations-2.5.1.jar;C:\Users\Vikash\.m2\repository\com\google\j2objc\j2objc-annotations\1.3\j2objc-annotations-1.3.jar;C:\Users\Vikash\.m2\repository\org\seleniumhq\selenium\selenium-chromium-driver\4.0.0-beta-4\selenium-chromium-driver-4.0.0-beta-4.jar;C:\Users\Vikash\.m2\repository\org\seleniumhq\selenium\selenium-devtools\4.0.0-beta-4\selenium-devtools-4.0.0-beta-4.jar;C:\Users\Vikash\.m2\repository\org\seleniumhq\selenium\selenium-http\4.0.0-beta-4\selenium-http-4.0.0-beta-4.jar;C:\Users\Vikash\.m2\repository\org\seleniumhq\selenium\selenium-json\4.0.0-beta-4\selenium-json-4.0.0-beta-4.jar;C:\Users\Vikash\.m2\repository\org\seleniumhq\selenium\selenium-devtools-v85\4.0.0-beta-4\selenium-devtools-v85-4.0.0-beta-4.jar;C:\Users\Vikash\.m2\repository\org\seleniumhq\selenium\selenium-devtools-v88\4.0.0-beta-4\selenium-devtools-v88-4.0.0-beta-4.jar;C:\Users\Vikash\.m2\repository\org\seleniumhq\selenium\selenium-devtools-v89\4.0.0-beta-4\selenium-devtools-v89-4.0.0-beta-4.jar;C:\Users\Vikash\.m2\repository\org\seleniumhq\selenium\selenium-devtools-v90\4.0.0-beta-4\selenium-devtools-v90-4.0.0-beta-4.jar;C:\Users\Vikash\.m2\repository\org\seleniumhq\selenium\selenium-devtools-v91\4.0.0-beta-4\selenium-devtools-v91-4.0.0-beta-4.jar;C:\Users\Vikash\.m2\repository\org\seleniumhq\selenium\selenium-edge-driver\4.0.0-beta-4\selenium-edge-driver-4.0.0-beta-4.jar;C:\Users\Vikash\.m2\repository\org\seleniumhq\selenium\selenium-firefox-driver\4.0.0-beta-4\selenium-firefox-driver-4.0.0-beta-4.jar;C:\Users\Vikash\.m2\repository\org\seleniumhq\selenium\selenium-firefox-xpi-driver\4.0.0-beta-4\selenium-firefox-xpi-driver-4.0.0-beta-4.jar;C:\Users\Vikash\.m2\repository\org\seleniumhq\selenium\selenium-ie-driver\4.0.0-beta-4\selenium-ie-driver-4.0.0-beta-4.jar;C:\Users\Vikash\.m2\repository\org\seleniumhq\selenium\selenium-opera-driver\4.0.0-beta-4\selenium-opera-driver-4.0.0-beta-4.jar;C:\Users\Vikash\.m2\repository\org\seleniumhq\selenium\selenium-remote-driver\4.0.0-beta-4\selenium-remote-driver-4.0.0-beta-4.jar;C:\Users\Vikash\.m2\repository\io\netty\netty-buffer\4.1.63.Final\netty-buffer-4.1.63.Final.jar;C:\Users\Vikash\.m2\repository\io\netty\netty-codec-http\4.1.63.Final\netty-codec-http-4.1.63.Final.jar;C:\Users\Vikash\.m2\repository\io\netty\netty-codec\4.1.63.Final\netty-codec-4.1.63.Final.jar;C:\Users\Vikash\.m2\repository\io\netty\netty-handler\4.1.63.Final\netty-handler-4.1.63.Final.jar;C:\Users\Vikash\.m2\repository\io\netty\netty-common\4.1.63.Final\netty-common-4.1.63.Final.jar;C:\Users\Vikash\.m2\repository\io\netty\netty-transport-native-epoll\4.1.63.Final\netty-transport-native-epoll-4.1.63.Final.jar;C:\Users\Vikash\.m2\repository\io\netty\netty-transport-native-kqueue\4.1.63.Final\netty-transport-native-kqueue-4.1.63.Final.jar;C:\Users\Vikash\.m2\repository\io\netty\netty-transport-native-unix-common\4.1.63.Final\netty-transport-native-unix-common-4.1.63.Final.jar;C:\Users\Vikash\.m2\repository\io\netty\netty-transport\4.1.63.Final\netty-transport-4.1.63.Final.jar;C:\Users\Vikash\.m2\repository\io\netty\netty-resolver\4.1.63.Final\netty-resolver-4.1.63.Final.jar;C:\Users\Vikash\.m2\repository\io\opentelemetry\opentelemetry-api\1.2.0\opentelemetry-api-1.2.0.jar;C:\Users\Vikash\.m2\repository\io\opentelemetry\opentelemetry-context\1.2.0\opentelemetry-context-1.2.0.jar;C:\Users\Vikash\.m2\repository\io\opentelemetry\opentelemetry-exporter-logging\1.2.0\opentelemetry-exporter-logging-1.2.0.jar;C:\Users\Vikash\.m2\repository\io\opentelemetry\opentelemetry-sdk-metrics\1.2.0-alpha\opentelemetry-sdk-metrics-1.2.0-alpha.jar;C:\Users\Vikash\.m2\repository\io\opentelemetry\opentelemetry-sdk-common\1.2.0\opentelemetry-sdk-common-1.2.0.jar;C:\Users\Vikash\.m2\repository\io\opentelemetry\opentelemetry-sdk-extension-autoconfigure\1.2.0-alpha\opentelemetry-sdk-extension-autoconfigure-1.2.0-alpha.jar;C:\Users\Vikash\.m2\repository\io\opentelemetry\opentelemetry-sdk-trace\1.2.0\opentelemetry-sdk-trace-1.2.0.jar;C:\Users\Vikash\.m2\repository\io\opentelemetry\opentelemetry-api-metrics\1.2.0-alpha\opentelemetry-api-metrics-1.2.0-alpha.jar;C:\Users\Vikash\.m2\repository\io\opentelemetry\opentelemetry-sdk\1.2.0\opentelemetry-sdk-1.2.0.jar;C:\Users\Vikash\.m2\repository\io\opentelemetry\opentelemetry-semconv\1.2.0-alpha\opentelemetry-semconv-1.2.0-alpha.jar;C:\Users\Vikash\.m2\repository\io\ous\jtoml\2.0.0\jtoml-2.0.0.jar;C:\Users\Vikash\.m2\repository\net\bytebuddy\byte-buddy\1.11.0\byte-buddy-1.11.0.jar;C:\Users\Vikash\.m2\repository\org\apache\commons\commons-exec\1.3\commons-exec-1.3.jar;C:\Users\Vikash\.m2\repository\org\asynchttpclient\async-http-client\2.12.3\async-http-client-2.12.3.jar;C:\Users\Vikash\.m2\repository\org\asynchttpclient\async-http-client-netty-utils\2.12.3\async-http-client-netty-utils-2.12.3.jar;C:\Users\Vikash\.m2\repository\io\netty\netty-codec-socks\4.1.60.Final\netty-codec-socks-4.1.60.Final.jar;C:\Users\Vikash\.m2\repository\io\netty\netty-handler-proxy\4.1.60.Final\netty-handler-proxy-4.1.60.Final.jar;C:\Users\Vikash\.m2\repository\io\netty\netty-transport-native-epoll\4.1.60.Final\netty-transport-native-epoll-4.1.60.Final-linux-x86_64.jar;C:\Users\Vikash\.m2\repository\io\netty\netty-transport-native-kqueue\4.1.60.Final\netty-transport-native-kqueue-4.1.60.Final-osx-x86_64.jar;C:\Users\Vikash\.m2\repository\org\reactivestreams\reactive-streams\1.0.3\reactive-streams-1.0.3.jar;C:\Users\Vikash\.m2\repository\com\typesafe\netty\netty-reactive-streams\2.0.4\netty-reactive-streams-2.0.4.jar;C:\Users\Vikash\.m2\repository\org\slf4j\slf4j-api\1.7.30\slf4j-api-1.7.30.jar;C:\Users\Vikash\.m2\repository\com\sun\activation\jakarta.activation\1.2.2\jakarta.activation-1.2.2.jar;C:\Users\Vikash\.m2\repository\org\seleniumhq\selenium\selenium-safari-driver\4.0.0-beta-4\selenium-safari-driver-4.0.0-beta-4.jar;C:\Users\Vikash\.m2\repository\org\seleniumhq\selenium\selenium-support\4.0.0-beta-4\selenium-support-4.0.0-beta-4.jar;C:\Users\Vikash\.m2\repository\org\testng\testng\7.4.0\testng-7.4.0.jar;C:\Users\Vikash\.m2\repository\com\beust\jcommander\1.78\jcommander-1.78.jar;C:\Users\Vikash\.m2\repository\org\webjars\jquery\3.5.1\jquery-3.5.1.jar;"/>
    <property name="java.vm.vendor" value="&quot;Oracle Corporation&quot;"/>
    <property name="sun.arch.data.model" value="64"/>
    <property name="user.variant" value=""/>
    <property name="java.vendor.url" value="http://java.oracle.com/"/>
    <property name="user.timezone" value="Asia/Calcutta"/>
    <property name="java.vm.specification.version" value="10"/>
    <property name="os.name" value="Windows 10"/>
    <property name="sun.java.launcher" value="SUN_STANDARD"/>
    <property name="user.country" value="US"/>
    <property name="sun.boot.library.path" value="C:\Program Files\Java\jdk-10.0.1\bin"/>
    <property name="sun.java.command" value="C:\Users\Vikash\AppData\Local\Temp\surefire11459539424522998199\surefirebooter2967988142321213636.jar C:\Users\Vikash\AppData\Local\Temp\surefire11459539424522998199 2021-08-03T00-18-24_270-jvmRun1 surefire14626103837527562039tmp surefire_018086959216366958622tmp"/>
    <property name="jdk.debug" value="release"/>
    <property name="surefire.test.class.path" value="E:\New Folder (2)\MavenJavaProject\target\test-classes;E:\New Folder (2)\MavenJavaProject\target\classes;C:\Users\Vikash\.m2\repository\org\seleniumhq\selenium\selenium-java\4.0.0-beta-4\selenium-java-4.0.0-beta-4.jar;C:\Users\Vikash\.m2\repository\org\seleniumhq\selenium\selenium-api\4.0.0-beta-4\selenium-api-4.0.0-beta-4.jar;C:\Users\Vikash\.m2\repository\org\seleniumhq\selenium\selenium-chrome-driver\4.0.0-beta-4\selenium-chrome-driver-4.0.0-beta-4.jar;C:\Users\Vikash\.m2\repository\com\google\auto\service\auto-service-annotations\1.0\auto-service-annotations-1.0.jar;C:\Users\Vikash\.m2\repository\com\google\auto\service\auto-service\1.0\auto-service-1.0.jar;C:\Users\Vikash\.m2\repository\com\google\auto\auto-common\1.0\auto-common-1.0.jar;C:\Users\Vikash\.m2\repository\com\google\guava\guava\30.1.1-jre\guava-30.1.1-jre.jar;C:\Users\Vikash\.m2\repository\com\google\guava\failureaccess\1.0.1\failureaccess-1.0.1.jar;C:\Users\Vikash\.m2\repository\com\google\guava\listenablefuture\9999.0-empty-to-avoid-conflict-with-guava\listenablefuture-9999.0-empty-to-avoid-conflict-with-guava.jar;C:\Users\Vikash\.m2\repository\com\google\code\findbugs\jsr305\3.0.2\jsr305-3.0.2.jar;C:\Users\Vikash\.m2\repository\org\checkerframework\checker-qual\3.8.0\checker-qual-3.8.0.jar;C:\Users\Vikash\.m2\repository\com\google\errorprone\error_prone_annotations\2.5.1\error_prone_annotations-2.5.1.jar;C:\Users\Vikash\.m2\repository\com\google\j2objc\j2objc-annotations\1.3\j2objc-annotations-1.3.jar;C:\Users\Vikash\.m2\repository\org\seleniumhq\selenium\selenium-chromium-driver\4.0.0-beta-4\selenium-chromium-driver-4.0.0-beta-4.jar;C:\Users\Vikash\.m2\repository\org\seleniumhq\selenium\selenium-devtools\4.0.0-beta-4\selenium-devtools-4.0.0-beta-4.jar;C:\Users\Vikash\.m2\repository\org\seleniumhq\selenium\selenium-http\4.0.0-beta-4\selenium-http-4.0.0-beta-4.jar;C:\Users\Vikash\.m2\repository\org\seleniumhq\selenium\selenium-json\4.0.0-beta-4\selenium-json-4.0.0-beta-4.jar;C:\Users\Vikash\.m2\repository\org\seleniumhq\selenium\selenium-devtools-v85\4.0.0-beta-4\selenium-devtools-v85-4.0.0-beta-4.jar;C:\Users\Vikash\.m2\repository\org\seleniumhq\selenium\selenium-devtools-v88\4.0.0-beta-4\selenium-devtools-v88-4.0.0-beta-4.jar;C:\Users\Vikash\.m2\repository\org\seleniumhq\selenium\selenium-devtools-v89\4.0.0-beta-4\selenium-devtools-v89-4.0.0-beta-4.jar;C:\Users\Vikash\.m2\repository\org\seleniumhq\selenium\selenium-devtools-v90\4.0.0-beta-4\selenium-devtools-v90-4.0.0-beta-4.jar;C:\Users\Vikash\.m2\repository\org\seleniumhq\selenium\selenium-devtools-v91\4.0.0-beta-4\selenium-devtools-v91-4.0.0-beta-4.jar;C:\Users\Vikash\.m2\repository\org\seleniumhq\selenium\selenium-edge-driver\4.0.0-beta-4\selenium-edge-driver-4.0.0-beta-4.jar;C:\Users\Vikash\.m2\repository\org\seleniumhq\selenium\selenium-firefox-driver\4.0.0-beta-4\selenium-firefox-driver-4.0.0-beta-4.jar;C:\Users\Vikash\.m2\repository\org\seleniumhq\selenium\selenium-firefox-xpi-driver\4.0.0-beta-4\selenium-firefox-xpi-driver-4.0.0-beta-4.jar;C:\Users\Vikash\.m2\repository\org\seleniumhq\selenium\selenium-ie-driver\4.0.0-beta-4\selenium-ie-driver-4.0.0-beta-4.jar;C:\Users\Vikash\.m2\repository\org\seleniumhq\selenium\selenium-opera-driver\4.0.0-beta-4\selenium-opera-driver-4.0.0-beta-4.jar;C:\Users\Vikash\.m2\repository\org\seleniumhq\selenium\selenium-remote-driver\4.0.0-beta-4\selenium-remote-driver-4.0.0-beta-4.jar;C:\Users\Vikash\.m2\repository\io\netty\netty-buffer\4.1.63.Final\netty-buffer-4.1.63.Final.jar;C:\Users\Vikash\.m2\repository\io\netty\netty-codec-http\4.1.63.Final\netty-codec-http-4.1.63.Final.jar;C:\Users\Vikash\.m2\repository\io\netty\netty-codec\4.1.63.Final\netty-codec-4.1.63.Final.jar;C:\Users\Vikash\.m2\repository\io\netty\netty-handler\4.1.63.Final\netty-handler-4.1.63.Final.jar;C:\Users\Vikash\.m2\repository\io\netty\netty-common\4.1.63.Final\netty-common-4.1.63.Final.jar;C:\Users\Vikash\.m2\repository\io\netty\netty-transport-native-epoll\4.1.63.Final\netty-transport-native-epoll-4.1.63.Final.jar;C:\Users\Vikash\.m2\repository\io\netty\netty-transport-native-kqueue\4.1.63.Final\netty-transport-native-kqueue-4.1.63.Final.jar;C:\Users\Vikash\.m2\repository\io\netty\netty-transport-native-unix-common\4.1.63.Final\netty-transport-native-unix-common-4.1.63.Final.jar;C:\Users\Vikash\.m2\repository\io\netty\netty-transport\4.1.63.Final\netty-transport-4.1.63.Final.jar;C:\Users\Vikash\.m2\repository\io\netty\netty-resolver\4.1.63.Final\netty-resolver-4.1.63.Final.jar;C:\Users\Vikash\.m2\repository\io\opentelemetry\opentelemetry-api\1.2.0\opentelemetry-api-1.2.0.jar;C:\Users\Vikash\.m2\repository\io\opentelemetry\opentelemetry-context\1.2.0\opentelemetry-context-1.2.0.jar;C:\Users\Vikash\.m2\repository\io\opentelemetry\opentelemetry-exporter-logging\1.2.0\opentelemetry-exporter-logging-1.2.0.jar;C:\Users\Vikash\.m2\repository\io\opentelemetry\opentelemetry-sdk-metrics\1.2.0-alpha\opentelemetry-sdk-metrics-1.2.0-alpha.jar;C:\Users\Vikash\.m2\repository\io\opentelemetry\opentelemetry-sdk-common\1.2.0\opentelemetry-sdk-common-1.2.0.jar;C:\Users\Vikash\.m2\repository\io\opentelemetry\opentelemetry-sdk-extension-autoconfigure\1.2.0-alpha\opentelemetry-sdk-extension-autoconfigure-1.2.0-alpha.jar;C:\Users\Vikash\.m2\repository\io\opentelemetry\opentelemetry-sdk-trace\1.2.0\opentelemetry-sdk-trace-1.2.0.jar;C:\Users\Vikash\.m2\repository\io\opentelemetry\opentelemetry-api-metrics\1.2.0-alpha\opentelemetry-api-metrics-1.2.0-alpha.jar;C:\Users\Vikash\.m2\repository\io\opentelemetry\opentelemetry-sdk\1.2.0\opentelemetry-sdk-1.2.0.jar;C:\Users\Vikash\.m2\repository\io\opentelemetry\opentelemetry-semconv\1.2.0-alpha\opentelemetry-semconv-1.2.0-alpha.jar;C:\Users\Vikash\.m2\repository\io\ous\jtoml\2.0.0\jtoml-2.0.0.jar;C:\Users\Vikash\.m2\repository\net\bytebuddy\byte-buddy\1.11.0\byte-buddy-1.11.0.jar;C:\Users\Vikash\.m2\repository\org\apache\commons\commons-exec\1.3\commons-exec-1.3.jar;C:\Users\Vikash\.m2\repository\org\asynchttpclient\async-http-client\2.12.3\async-http-client-2.12.3.jar;C:\Users\Vikash\.m2\repository\org\asynchttpclient\async-http-client-netty-utils\2.12.3\async-http-client-netty-utils-2.12.3.jar;C:\Users\Vikash\.m2\repository\io\netty\netty-codec-socks\4.1.60.Final\netty-codec-socks-4.1.60.Final.jar;C:\Users\Vikash\.m2\repository\io\netty\netty-handler-proxy\4.1.60.Final\netty-handler-proxy-4.1.60.Final.jar;C:\Users\Vikash\.m2\repository\io\netty\netty-transport-native-epoll\4.1.60.Final\netty-transport-native-epoll-4.1.60.Final-linux-x86_64.jar;C:\Users\Vikash\.m2\repository\io\netty\netty-transport-native-kqueue\4.1.60.Final\netty-transport-native-kqueue-4.1.60.Final-osx-x86_64.jar;C:\Users\Vikash\.m2\repository\org\reactivestreams\reactive-streams\1.0.3\reactive-streams-1.0.3.jar;C:\Users\Vikash\.m2\repository\com\typesafe\netty\netty-reactive-streams\2.0.4\netty-reactive-streams-2.0.4.jar;C:\Users\Vikash\.m2\repository\org\slf4j\slf4j-api\1.7.30\slf4j-api-1.7.30.jar;C:\Users\Vikash\.m2\repository\com\sun\activation\jakarta.activation\1.2.2\jakarta.activation-1.2.2.jar;C:\Users\Vikash\.m2\repository\org\seleniumhq\selenium\selenium-safari-driver\4.0.0-beta-4\selenium-safari-driver-4.0.0-beta-4.jar;C:\Users\Vikash\.m2\repository\org\seleniumhq\selenium\selenium-support\4.0.0-beta-4\selenium-support-4.0.0-beta-4.jar;C:\Users\Vikash\.m2\repository\org\testng\testng\7.4.0\testng-7.4.0.jar;C:\Users\Vikash\.m2\repository\com\beust\jcommander\1.78\jcommander-1.78.jar;C:\Users\Vikash\.m2\repository\org\webjars\jquery\3.5.1\jquery-3.5.1.jar;"/>
    <property name="sun.cpu.endian" value="little"/>
    <property name="user.home" value="C:\Users\Vikash"/>
    <property name="user.language" value="en"/>
    <property name="java.specification.vendor" value="Oracle Corporation"/>
    <property name="java.version.date" value="2018-04-17"/>
    <property name="java.home" value="C:\Program Files\Java\jdk-10.0.1"/>
    <property name="file.separator" value="\"/>
    <property name="basedir" value="E:\New Folder (2)\MavenJavaProject"/>
    <property name="java.vm.compressedOopsMode" value="32-bit"/>
    <property name="line.separator" value="&#10;"/>
    <property name="java.specification.name" value="Java Platform API Specification"/>
    <property name="java.vm.specification.vendor" value="Oracle Corporation"/>
    <property name="java.awt.graphicsenv" value="sun.awt.Win32GraphicsEnvironment"/>
    <property name="surefire.real.class.path" value="C:\Users\Vikash\AppData\Local\Temp\surefire11459539424522998199\surefirebooter2967988142321213636.jar"/>
    <property name="user.script" value=""/>
    <property name="sun.management.compiler" value="HotSpot 64-Bit Tiered Compilers"/>
    <property name="java.runtime.version" value="10.0.1+10"/>
    <property name="user.name" value="Vikash"/>
    <property name="path.separator" value=";"/>
    <property name="os.version" value="10.0"/>
    <property name="java.runtime.name" value="Java(TM) SE Runtime Environment"/>
    <property name="file.encoding" value="Cp1252"/>
    <property name="java.vm.name" value="Java HotSpot(TM) 64-Bit Server VM"/>
    <property name="java.vendor.version" value="18.3"/>
    <property name="localRepository" value="C:\Users\Vikash\.m2\repository"/>
    <property name="java.vendor.url.bug" value="http://bugreport.java.com/bugreport/"/>
    <property name="java.io.tmpdir" value="C:\Users\Vikash\AppData\Local\Temp\"/>
    <property name="java.version" value="10.0.1"/>
    <property name="user.dir" value="E:\New Folder (2)\MavenJavaProject"/>
    <property name="os.arch" value="amd64"/>
    <property name="java.vm.specification.name" value="Java Virtual Machine Specification"/>
    <property name="java.awt.printerjob" value="sun.awt.windows.WPrinterJob"/>
    <property name="sun.os.patch.level" value=""/>
    <property name="java.library.path" value="C:\Program Files\Java\jdk-10.0.1\bin;C:\Windows\Sun\Java\bin;C:\Windows\system32;C:\Windows;E:\Software\apache-maven-3.8.1-bin\apache-maven-3.8.1\bin;C:\Program Files\Java\jdk-10.0.1\bin;."/>
    <property name="java.vendor" value="Oracle Corporation"/>
    <property name="java.vm.info" value="mixed mode"/>
    <property name="java.vm.version" value="10.0.1+10"/>
    <property name="sun.io.unicode.encoding" value="UnicodeLittle"/>
    <property name="java.class.version" value="54.0"/>
  </properties>
  <testcase name="MavenMethod1" classname="LearnMaven.MavenSecondTest" time="0.005">
    <system-out><![CDATA[Hello its first maven method
]]></system-out>
  </testcase>
</testsuite>