<?xml version="1.0" encoding="UTF-8"?>
<!-- Generated by org.testng.reporters.JUnitReportReporter -->
<testsuite hostname="DESKTOP-F4SNKPR" failures="0" tests="1" name="LearnMaven.MavenSecondTest" time="0.003" errors="0" timestamp="2021-08-03T01:13:44 IST" skipped="0">
  <testcase classname="LearnMaven.MavenSecondTest" name="MavenMethod1" time="0.003"/>
  <system-out/>
</testsuite> <!-- LearnMaven.MavenSecondTest -->
